2021-04-04 15:16:00,862 INFO o.a.j.u.JMeterUtils: Setting Locale to en_EN
2021-04-04 15:16:00,884 INFO o.a.j.JMeter: Loading user properties from: C:\apache-jmeter-5.4.1\bin\user.properties
2021-04-04 15:16:00,893 INFO o.a.j.JMeter: Loading system properties from: C:\apache-jmeter-5.4.1\bin\system.properties
2021-04-04 15:16:00,905 INFO o.a.j.JMeter: Copyright (c) 1998-2021 The Apache Software Foundation
2021-04-04 15:16:00,905 INFO o.a.j.JMeter: Version 5.4.1
2021-04-04 15:16:00,905 INFO o.a.j.JMeter: java.version=1.8.0_281
2021-04-04 15:16:00,906 INFO o.a.j.JMeter: java.vm.name=Java HotSpot(TM) 64-Bit Server VM
2021-04-04 15:16:00,906 INFO o.a.j.JMeter: os.name=Windows 10
2021-04-04 15:16:00,906 INFO o.a.j.JMeter: os.arch=amd64
2021-04-04 15:16:00,906 INFO o.a.j.JMeter: os.version=10.0
2021-04-04 15:16:00,906 INFO o.a.j.JMeter: file.encoding=Cp1252
2021-04-04 15:16:00,906 INFO o.a.j.JMeter: java.awt.headless=null
2021-04-04 15:16:00,906 INFO o.a.j.JMeter: Max memory     =1073741824
2021-04-04 15:16:00,906 INFO o.a.j.JMeter: Available Processors =8
2021-04-04 15:16:00,914 INFO o.a.j.JMeter: Default Locale=English (EN)
2021-04-04 15:16:00,914 INFO o.a.j.JMeter: JMeter  Locale=English (EN)
2021-04-04 15:16:00,914 INFO o.a.j.JMeter: JMeterHome=C:\apache-jmeter-5.4.1
2021-04-04 15:16:00,915 INFO o.a.j.JMeter: user.dir  =C:\Users\sohaib\Desktop\Repositories\wellness_native_app
2021-04-04 15:16:00,915 INFO o.a.j.JMeter: PWD       =C:\Users\sohaib\Desktop\Repositories\wellness_native_app
2021-04-04 15:16:05,464 INFO o.a.j.JMeter: IP: 192.168.56.1 Name: SM-SB FullName: SM-SB
2021-04-04 15:16:05,663 INFO o.a.j.JMeter: Setting LAF to: com.github.weisj.darklaf.DarkLaf:com.github.weisj.darklaf.theme.DarculaTheme
2021-04-04 15:16:08,041 INFO o.a.j.JMeter: Loaded icon properties from org/apache/jmeter/images/icon.properties
2021-04-04 15:16:20,634 INFO o.a.j.s.FileServer: Default base='C:\Users\sohaib\Desktop\Repositories\wellness_native_app'
2021-04-04 15:16:20,638 INFO o.a.j.g.a.Load: Loading file: C:\Users\sohaib\Jmx Tests\View Results in Table.jmx
2021-04-04 15:16:20,638 INFO o.a.j.s.FileServer: Set new base='C:\Users\sohaib\Jmx Tests'
2021-04-04 15:16:20,827 INFO o.a.j.s.SaveService: Testplan (JMX) version: 2.2. Testlog (JTL) version: 2.2
2021-04-04 15:16:20,860 INFO o.a.j.s.SaveService: Using SaveService properties file encoding UTF-8
2021-04-04 15:16:20,861 INFO o.a.j.s.SaveService: Using SaveService properties version 5.0
2021-04-04 15:16:20,864 INFO o.a.j.s.SaveService: Loading file: C:\Users\sohaib\Jmx Tests\View Results in Table.jmx
2021-04-04 15:16:20,894 INFO o.a.j.p.h.s.HTTPSamplerBase: Parser for text/html is org.apache.jmeter.protocol.http.parser.LagartoBasedHtmlParser
2021-04-04 15:16:20,895 INFO o.a.j.p.h.s.HTTPSamplerBase: Parser for application/xhtml+xml is org.apache.jmeter.protocol.http.parser.LagartoBasedHtmlParser
2021-04-04 15:16:20,895 INFO o.a.j.p.h.s.HTTPSamplerBase: Parser for application/xml is org.apache.jmeter.protocol.http.parser.LagartoBasedHtmlParser
2021-04-04 15:16:20,895 INFO o.a.j.p.h.s.HTTPSamplerBase: Parser for text/xml is org.apache.jmeter.protocol.http.parser.LagartoBasedHtmlParser
2021-04-04 15:16:20,895 INFO o.a.j.p.h.s.HTTPSamplerBase: Parser for text/vnd.wap.wml is org.apache.jmeter.protocol.http.parser.RegexpHTMLParser
2021-04-04 15:16:20,895 INFO o.a.j.p.h.s.HTTPSamplerBase: Parser for text/css is org.apache.jmeter.protocol.http.parser.CssParser
2021-04-04 15:16:21,090 INFO o.a.j.s.FileServer: Set new base='C:\Users\sohaib\Jmx Tests'
2021-04-04 15:18:10,316 INFO o.a.j.e.StandardJMeterEngine: Running the test!
2021-04-04 15:18:10,317 INFO o.a.j.s.SampleEvent: List of sample_variables: []
2021-04-04 15:18:10,317 INFO o.a.j.s.SampleEvent: List of sample_variables: []
2021-04-04 15:18:10,319 INFO o.a.j.e.u.CompoundVariable: Note: Function class names must contain the string: '.functions.'
2021-04-04 15:18:10,319 INFO o.a.j.e.u.CompoundVariable: Note: Function class names must not contain the string: '.gui.'
2021-04-04 15:18:10,658 INFO o.a.j.g.u.JMeterMenuBar: setRunning(true, *local*)
2021-04-04 15:18:10,785 INFO o.a.j.e.StandardJMeterEngine: Starting ThreadGroup: 1 : User
2021-04-04 15:18:10,785 INFO o.a.j.e.StandardJMeterEngine: Starting 100 threads for group User.
2021-04-04 15:18:10,786 INFO o.a.j.e.StandardJMeterEngine: Thread will continue on error
2021-04-04 15:18:10,786 INFO o.a.j.t.ThreadGroup: Starting thread group... number=1 threads=100 ramp-up=1 delayedStart=false
2021-04-04 15:18:10,807 INFO o.a.j.t.JMeterThread: Thread started: User 1-1
2021-04-04 15:18:10,813 INFO o.a.j.t.JMeterThread: Thread started: User 1-2
2021-04-04 15:18:10,823 INFO o.a.j.t.JMeterThread: Thread started: User 1-3
2021-04-04 15:18:10,829 INFO o.a.j.t.JMeterThread: Thread started: User 1-5
2021-04-04 15:18:10,834 INFO o.a.j.t.JMeterThread: Thread started: User 1-4
2021-04-04 15:18:10,836 INFO o.a.j.p.h.s.HTTPHCAbstractImpl: Local host = SM-SB
2021-04-04 15:18:10,839 INFO o.a.j.t.JMeterThread: Thread started: User 1-6
2021-04-04 15:18:10,844 INFO o.a.j.t.ThreadGroup: Started thread group number 1
2021-04-04 15:18:10,844 INFO o.a.j.e.StandardJMeterEngine: All thread groups have been started
2021-04-04 15:18:10,851 INFO o.a.j.t.JMeterThread: Thread started: User 1-7
2021-04-04 15:18:10,855 INFO o.a.j.p.h.s.HTTPHC4Impl: HTTP request retry count = 0
2021-04-04 15:18:10,859 INFO o.a.j.s.SampleResult: Note: Sample TimeStamps are START times
2021-04-04 15:18:10,859 INFO o.a.j.s.SampleResult: sampleresult.default.encoding is set to ISO-8859-1
2021-04-04 15:18:10,859 INFO o.a.j.s.SampleResult: sampleresult.useNanoTime=true
2021-04-04 15:18:10,860 INFO o.a.j.s.SampleResult: sampleresult.nanoThreadSleep=5000
2021-04-04 15:18:10,861 INFO o.a.j.t.JMeterThread: Thread started: User 1-8
2021-04-04 15:18:10,870 INFO o.a.j.t.JMeterThread: Thread started: User 1-9
2021-04-04 15:18:10,880 INFO o.a.j.t.JMeterThread: Thread started: User 1-10
2021-04-04 15:18:10,891 INFO o.a.j.t.JMeterThread: Thread started: User 1-11
2021-04-04 15:18:10,898 INFO o.a.j.t.JMeterThread: Thread started: User 1-12
2021-04-04 15:18:10,909 INFO o.a.j.t.JMeterThread: Thread started: User 1-13
2021-04-04 15:18:10,917 INFO o.a.j.t.JMeterThread: Thread started: User 1-14
2021-04-04 15:18:10,928 INFO o.a.j.t.JMeterThread: Thread started: User 1-15
2021-04-04 15:18:10,939 INFO o.a.j.t.JMeterThread: Thread started: User 1-16
2021-04-04 15:18:10,948 INFO o.a.j.t.JMeterThread: Thread started: User 1-17
2021-04-04 15:18:10,962 INFO o.a.j.t.JMeterThread: Thread started: User 1-18
2021-04-04 15:18:10,976 INFO o.a.j.t.JMeterThread: Thread started: User 1-19
2021-04-04 15:18:10,979 INFO o.a.j.t.JMeterThread: Thread started: User 1-20
2021-04-04 15:18:10,995 INFO o.a.j.t.JMeterThread: Thread started: User 1-21
2021-04-04 15:18:11,014 INFO o.a.j.t.JMeterThread: Thread started: User 1-22
2021-04-04 15:18:11,024 INFO o.a.j.t.JMeterThread: Thread started: User 1-23
2021-04-04 15:18:11,025 INFO o.a.j.t.JMeterThread: Thread started: User 1-24
2021-04-04 15:18:11,036 INFO o.a.j.t.JMeterThread: Thread started: User 1-25
2021-04-04 15:18:11,050 INFO o.a.j.t.JMeterThread: Thread started: User 1-26
2021-04-04 15:18:11,061 INFO o.a.j.t.JMeterThread: Thread started: User 1-27
2021-04-04 15:18:11,063 INFO o.a.j.t.JMeterThread: Thread started: User 1-28
2021-04-04 15:18:11,072 INFO o.a.j.t.JMeterThread: Thread started: User 1-29
2021-04-04 15:18:11,089 INFO o.a.j.t.JMeterThread: Thread started: User 1-30
2021-04-04 15:18:11,099 INFO o.a.j.t.JMeterThread: Thread started: User 1-31
2021-04-04 15:18:11,102 INFO o.a.j.t.JMeterThread: Thread started: User 1-32
2021-04-04 15:18:11,122 INFO o.a.j.t.JMeterThread: Thread started: User 1-34
2021-04-04 15:18:11,127 INFO o.a.j.t.JMeterThread: Thread started: User 1-33
2021-04-04 15:18:11,135 INFO o.a.j.t.JMeterThread: Thread started: User 1-35
2021-04-04 15:18:11,162 INFO o.a.j.t.JMeterThread: Thread started: User 1-36
2021-04-04 15:18:11,167 INFO o.a.j.t.JMeterThread: Thread started: User 1-37
2021-04-04 15:18:11,167 INFO o.a.j.t.JMeterThread: Thread started: User 1-38
2021-04-04 15:18:11,189 INFO o.a.j.t.JMeterThread: Thread started: User 1-39
2021-04-04 15:18:11,198 INFO o.a.j.t.JMeterThread: Thread started: User 1-40
2021-04-04 15:18:11,207 INFO o.a.j.t.JMeterThread: Thread started: User 1-41
2021-04-04 15:18:11,219 INFO o.a.j.t.JMeterThread: Thread started: User 1-42
2021-04-04 15:18:11,229 INFO o.a.j.t.JMeterThread: Thread started: User 1-43
2021-04-04 15:18:11,236 INFO o.a.j.t.JMeterThread: Thread started: User 1-44
2021-04-04 15:18:11,245 INFO o.a.j.t.JMeterThread: Thread started: User 1-45
2021-04-04 15:18:11,258 INFO o.a.j.t.JMeterThread: Thread started: User 1-46
2021-04-04 15:18:11,264 INFO o.a.j.t.JMeterThread: Thread is done: User 1-9
2021-04-04 15:18:11,265 INFO o.a.j.t.JMeterThread: Thread finished: User 1-9
2021-04-04 15:18:11,268 INFO o.a.j.t.JMeterThread: Thread started: User 1-47
2021-04-04 15:18:11,276 INFO o.a.j.t.JMeterThread: Thread started: User 1-48
2021-04-04 15:18:11,285 INFO o.a.j.t.JMeterThread: Thread started: User 1-49
2021-04-04 15:18:11,285 INFO o.a.j.t.JMeterThread: Thread is done: User 1-21
2021-04-04 15:18:11,286 INFO o.a.j.t.JMeterThread: Thread finished: User 1-21
2021-04-04 15:18:11,297 INFO o.a.j.t.JMeterThread: Thread started: User 1-50
2021-04-04 15:18:11,303 INFO o.a.j.t.JMeterThread: Thread is done: User 1-23
2021-04-04 15:18:11,303 INFO o.a.j.t.JMeterThread: Thread finished: User 1-23
2021-04-04 15:18:11,307 INFO o.a.j.t.JMeterThread: Thread started: User 1-51
2021-04-04 15:18:11,315 INFO o.a.j.t.JMeterThread: Thread started: User 1-52
2021-04-04 15:18:11,324 INFO o.a.j.t.JMeterThread: Thread started: User 1-53
2021-04-04 15:18:11,330 INFO o.a.j.t.JMeterThread: Thread is done: User 1-6
2021-04-04 15:18:11,330 INFO o.a.j.t.JMeterThread: Thread finished: User 1-6
2021-04-04 15:18:11,333 INFO o.a.j.t.JMeterThread: Thread is done: User 1-20
2021-04-04 15:18:11,333 INFO o.a.j.t.JMeterThread: Thread finished: User 1-20
2021-04-04 15:18:11,336 INFO o.a.j.t.JMeterThread: Thread started: User 1-54
2021-04-04 15:18:11,346 INFO o.a.j.t.JMeterThread: Thread is done: User 1-31
2021-04-04 15:18:11,346 INFO o.a.j.t.JMeterThread: Thread finished: User 1-31
2021-04-04 15:18:11,347 INFO o.a.j.t.JMeterThread: Thread started: User 1-55
2021-04-04 15:18:11,351 INFO o.a.j.t.JMeterThread: Thread is done: User 1-24
2021-04-04 15:18:11,351 INFO o.a.j.t.JMeterThread: Thread finished: User 1-24
2021-04-04 15:18:11,354 INFO o.a.j.t.JMeterThread: Thread started: User 1-56
2021-04-04 15:18:11,363 INFO o.a.j.t.JMeterThread: Thread is done: User 1-18
2021-04-04 15:18:11,363 INFO o.a.j.t.JMeterThread: Thread finished: User 1-18
2021-04-04 15:18:11,365 INFO o.a.j.t.JMeterThread: Thread started: User 1-57
2021-04-04 15:18:11,369 INFO o.a.j.t.JMeterThread: Thread is done: User 1-15
2021-04-04 15:18:11,370 INFO o.a.j.t.JMeterThread: Thread finished: User 1-15
2021-04-04 15:18:11,371 INFO o.a.j.t.JMeterThread: Thread started: User 1-58
2021-04-04 15:18:11,378 INFO o.a.j.t.JMeterThread: Thread is done: User 1-10
2021-04-04 15:18:11,378 INFO o.a.j.t.JMeterThread: Thread finished: User 1-10
2021-04-04 15:18:11,379 INFO o.a.j.t.JMeterThread: Thread is done: User 1-11
2021-04-04 15:18:11,379 INFO o.a.j.t.JMeterThread: Thread finished: User 1-11
2021-04-04 15:18:11,385 INFO o.a.j.t.JMeterThread: Thread started: User 1-59
2021-04-04 15:18:11,391 INFO o.a.j.t.JMeterThread: Thread is done: User 1-25
2021-04-04 15:18:11,392 INFO o.a.j.t.JMeterThread: Thread finished: User 1-25
2021-04-04 15:18:11,394 INFO o.a.j.t.JMeterThread: Thread started: User 1-60
2021-04-04 15:18:11,397 INFO o.a.j.t.JMeterThread: Thread is done: User 1-16
2021-04-04 15:18:11,397 INFO o.a.j.t.JMeterThread: Thread finished: User 1-16
2021-04-04 15:18:11,404 INFO o.a.j.t.JMeterThread: Thread started: User 1-61
2021-04-04 15:18:11,405 INFO o.a.j.t.JMeterThread: Thread is done: User 1-17
2021-04-04 15:18:11,405 INFO o.a.j.t.JMeterThread: Thread finished: User 1-17
2021-04-04 15:18:11,414 INFO o.a.j.t.JMeterThread: Thread started: User 1-62
2021-04-04 15:18:11,424 INFO o.a.j.t.JMeterThread: Thread started: User 1-63
2021-04-04 15:18:11,426 INFO o.a.j.t.JMeterThread: Thread is done: User 1-27
2021-04-04 15:18:11,426 INFO o.a.j.t.JMeterThread: Thread is done: User 1-12
2021-04-04 15:18:11,427 INFO o.a.j.t.JMeterThread: Thread finished: User 1-12
2021-04-04 15:18:11,427 INFO o.a.j.t.JMeterThread: Thread finished: User 1-27
2021-04-04 15:18:11,435 INFO o.a.j.t.JMeterThread: Thread started: User 1-64
2021-04-04 15:18:11,436 INFO o.a.j.t.JMeterThread: Thread is done: User 1-28
2021-04-04 15:18:11,436 INFO o.a.j.t.JMeterThread: Thread finished: User 1-28
2021-04-04 15:18:11,445 INFO o.a.j.t.JMeterThread: Thread started: User 1-65
2021-04-04 15:18:11,454 INFO o.a.j.t.JMeterThread: Thread started: User 1-66
2021-04-04 15:18:11,456 INFO o.a.j.t.JMeterThread: Thread is done: User 1-5
2021-04-04 15:18:11,456 INFO o.a.j.t.JMeterThread: Thread finished: User 1-5
2021-04-04 15:18:11,459 INFO o.a.j.t.JMeterThread: Thread is done: User 1-26
2021-04-04 15:18:11,460 INFO o.a.j.t.JMeterThread: Thread finished: User 1-26
2021-04-04 15:18:11,463 INFO o.a.j.t.JMeterThread: Thread started: User 1-67
2021-04-04 15:18:11,471 INFO o.a.j.t.JMeterThread: Thread is done: User 1-1
2021-04-04 15:18:11,471 INFO o.a.j.t.JMeterThread: Thread finished: User 1-1
2021-04-04 15:18:11,474 INFO o.a.j.t.JMeterThread: Thread started: User 1-68
2021-04-04 15:18:11,476 INFO o.a.j.t.JMeterThread: Thread is done: User 1-30
2021-04-04 15:18:11,476 INFO o.a.j.t.JMeterThread: Thread finished: User 1-30
2021-04-04 15:18:11,484 INFO o.a.j.t.JMeterThread: Thread started: User 1-69
2021-04-04 15:18:11,493 INFO o.a.j.t.JMeterThread: Thread is done: User 1-7
2021-04-04 15:18:11,493 INFO o.a.j.t.JMeterThread: Thread finished: User 1-7
2021-04-04 15:18:11,494 INFO o.a.j.t.JMeterThread: Thread started: User 1-70
2021-04-04 15:18:11,506 INFO o.a.j.t.JMeterThread: Thread is done: User 1-4
2021-04-04 15:18:11,506 INFO o.a.j.t.JMeterThread: Thread finished: User 1-4
2021-04-04 15:18:11,510 INFO o.a.j.t.JMeterThread: Thread is done: User 1-13
2021-04-04 15:18:11,510 INFO o.a.j.t.JMeterThread: Thread finished: User 1-13
2021-04-04 15:18:11,511 INFO o.a.j.t.JMeterThread: Thread started: User 1-71
2021-04-04 15:18:11,514 INFO o.a.j.t.JMeterThread: Thread started: User 1-72
2021-04-04 15:18:11,523 INFO o.a.j.t.JMeterThread: Thread started: User 1-73
2021-04-04 15:18:11,527 INFO o.a.j.t.JMeterThread: Thread is done: User 1-8
2021-04-04 15:18:11,528 INFO o.a.j.t.JMeterThread: Thread finished: User 1-8
2021-04-04 15:18:11,530 INFO o.a.j.t.JMeterThread: Thread is done: User 1-3
2021-04-04 15:18:11,530 INFO o.a.j.t.JMeterThread: Thread finished: User 1-3
2021-04-04 15:18:11,533 INFO o.a.j.t.JMeterThread: Thread is done: User 1-35
2021-04-04 15:18:11,533 INFO o.a.j.t.JMeterThread: Thread finished: User 1-35
2021-04-04 15:18:11,539 INFO o.a.j.t.JMeterThread: Thread started: User 1-74
2021-04-04 15:18:11,546 INFO o.a.j.t.JMeterThread: Thread is done: User 1-34
2021-04-04 15:18:11,546 INFO o.a.j.t.JMeterThread: Thread finished: User 1-34
2021-04-04 15:18:11,549 INFO o.a.j.t.JMeterThread: Thread started: User 1-75
2021-04-04 15:18:11,550 INFO o.a.j.t.JMeterThread: Thread is done: User 1-29
2021-04-04 15:18:11,550 INFO o.a.j.t.JMeterThread: Thread finished: User 1-29
2021-04-04 15:18:11,553 INFO o.a.j.t.JMeterThread: Thread started: User 1-76
2021-04-04 15:18:11,564 INFO o.a.j.t.JMeterThread: Thread started: User 1-77
2021-04-04 15:18:11,569 INFO o.a.j.t.JMeterThread: Thread is done: User 1-14
2021-04-04 15:18:11,569 INFO o.a.j.t.JMeterThread: Thread finished: User 1-14
2021-04-04 15:18:11,571 INFO o.a.j.t.JMeterThread: Thread is done: User 1-32
2021-04-04 15:18:11,571 INFO o.a.j.t.JMeterThread: Thread finished: User 1-32
2021-04-04 15:18:11,578 INFO o.a.j.t.JMeterThread: Thread started: User 1-78
2021-04-04 15:18:11,580 INFO o.a.j.t.JMeterThread: Thread is done: User 1-33
2021-04-04 15:18:11,580 INFO o.a.j.t.JMeterThread: Thread finished: User 1-33
2021-04-04 15:18:11,588 INFO o.a.j.t.JMeterThread: Thread started: User 1-79
2021-04-04 15:18:11,592 INFO o.a.j.t.JMeterThread: Thread is done: User 1-19
2021-04-04 15:18:11,592 INFO o.a.j.t.JMeterThread: Thread finished: User 1-19
2021-04-04 15:18:11,594 INFO o.a.j.t.JMeterThread: Thread started: User 1-80
2021-04-04 15:18:11,596 INFO o.a.j.t.JMeterThread: Thread is done: User 1-36
2021-04-04 15:18:11,596 INFO o.a.j.t.JMeterThread: Thread finished: User 1-36
2021-04-04 15:18:11,605 INFO o.a.j.t.JMeterThread: Thread started: User 1-81
2021-04-04 15:18:11,610 INFO o.a.j.t.JMeterThread: Thread is done: User 1-39
2021-04-04 15:18:11,610 INFO o.a.j.t.JMeterThread: Thread finished: User 1-39
2021-04-04 15:18:11,613 INFO o.a.j.t.JMeterThread: Thread is done: User 1-37
2021-04-04 15:18:11,614 INFO o.a.j.t.JMeterThread: Thread finished: User 1-37
2021-04-04 15:18:11,617 INFO o.a.j.t.JMeterThread: Thread started: User 1-82
2021-04-04 15:18:11,625 INFO o.a.j.t.JMeterThread: Thread is done: User 1-38
2021-04-04 15:18:11,625 INFO o.a.j.t.JMeterThread: Thread finished: User 1-38
2021-04-04 15:18:11,627 INFO o.a.j.t.JMeterThread: Thread started: User 1-83
2021-04-04 15:18:11,634 INFO o.a.j.t.JMeterThread: Thread started: User 1-84
2021-04-04 15:18:11,639 INFO o.a.j.t.JMeterThread: Thread is done: User 1-40
2021-04-04 15:18:11,640 INFO o.a.j.t.JMeterThread: Thread finished: User 1-40
2021-04-04 15:18:11,643 INFO o.a.j.t.JMeterThread: Thread started: User 1-85
2021-04-04 15:18:11,650 INFO o.a.j.t.JMeterThread: Thread is done: User 1-41
2021-04-04 15:18:11,650 INFO o.a.j.t.JMeterThread: Thread finished: User 1-41
2021-04-04 15:18:11,655 INFO o.a.j.t.JMeterThread: Thread started: User 1-86
2021-04-04 15:18:11,659 INFO o.a.j.t.JMeterThread: Thread is done: User 1-43
2021-04-04 15:18:11,659 INFO o.a.j.t.JMeterThread: Thread finished: User 1-43
2021-04-04 15:18:11,665 INFO o.a.j.t.JMeterThread: Thread started: User 1-87
2021-04-04 15:18:11,672 INFO o.a.j.t.JMeterThread: Thread is done: User 1-44
2021-04-04 15:18:11,673 INFO o.a.j.t.JMeterThread: Thread finished: User 1-44
2021-04-04 15:18:11,673 INFO o.a.j.t.JMeterThread: Thread started: User 1-88
2021-04-04 15:18:11,675 INFO o.a.j.t.JMeterThread: Thread is done: User 1-42
2021-04-04 15:18:11,675 INFO o.a.j.t.JMeterThread: Thread finished: User 1-42
2021-04-04 15:18:11,683 INFO o.a.j.t.JMeterThread: Thread started: User 1-89
2021-04-04 15:18:11,691 INFO o.a.j.t.JMeterThread: Thread is done: User 1-46
2021-04-04 15:18:11,691 INFO o.a.j.t.JMeterThread: Thread finished: User 1-46
2021-04-04 15:18:11,694 INFO o.a.j.t.JMeterThread: Thread started: User 1-90
2021-04-04 15:18:11,703 INFO o.a.j.t.JMeterThread: Thread started: User 1-91
2021-04-04 15:18:11,711 INFO o.a.j.t.JMeterThread: Thread is done: User 1-45
2021-04-04 15:18:11,712 INFO o.a.j.t.JMeterThread: Thread finished: User 1-45
2021-04-04 15:18:11,712 INFO o.a.j.t.JMeterThread: Thread started: User 1-92
2021-04-04 15:18:11,722 INFO o.a.j.t.JMeterThread: Thread started: User 1-93
2021-04-04 15:18:11,734 INFO o.a.j.t.JMeterThread: Thread started: User 1-94
2021-04-04 15:18:11,743 INFO o.a.j.t.JMeterThread: Thread started: User 1-95
2021-04-04 15:18:11,752 INFO o.a.j.t.JMeterThread: Thread started: User 1-96
2021-04-04 15:18:11,756 INFO o.a.j.t.JMeterThread: Thread is done: User 1-47
2021-04-04 15:18:11,757 INFO o.a.j.t.JMeterThread: Thread finished: User 1-47
2021-04-04 15:18:11,762 INFO o.a.j.t.JMeterThread: Thread started: User 1-97
2021-04-04 15:18:11,771 INFO o.a.j.t.JMeterThread: Thread is done: User 1-48
2021-04-04 15:18:11,771 INFO o.a.j.t.JMeterThread: Thread finished: User 1-48
2021-04-04 15:18:11,774 INFO o.a.j.t.JMeterThread: Thread started: User 1-98
2021-04-04 15:18:11,783 INFO o.a.j.t.JMeterThread: Thread started: User 1-99
2021-04-04 15:18:11,789 INFO o.a.j.t.JMeterThread: Thread is done: User 1-50
2021-04-04 15:18:11,789 INFO o.a.j.t.JMeterThread: Thread finished: User 1-50
2021-04-04 15:18:11,791 INFO o.a.j.t.JMeterThread: Thread started: User 1-100
2021-04-04 15:18:11,795 INFO o.a.j.t.JMeterThread: Thread is done: User 1-49
2021-04-04 15:18:11,795 INFO o.a.j.t.JMeterThread: Thread finished: User 1-49
2021-04-04 15:18:11,810 INFO o.a.j.t.JMeterThread: Thread is done: User 1-51
2021-04-04 15:18:11,810 INFO o.a.j.t.JMeterThread: Thread is done: User 1-52
2021-04-04 15:18:11,810 INFO o.a.j.t.JMeterThread: Thread finished: User 1-51
2021-04-04 15:18:11,810 INFO o.a.j.t.JMeterThread: Thread finished: User 1-52
2021-04-04 15:18:11,823 INFO o.a.j.t.JMeterThread: Thread is done: User 1-53
2021-04-04 15:18:11,823 INFO o.a.j.t.JMeterThread: Thread finished: User 1-53
2021-04-04 15:18:11,828 INFO o.a.j.t.JMeterThread: Thread is done: User 1-54
2021-04-04 15:18:11,828 INFO o.a.j.t.JMeterThread: Thread finished: User 1-54
2021-04-04 15:18:11,839 INFO o.a.j.t.JMeterThread: Thread is done: User 1-56
2021-04-04 15:18:11,840 INFO o.a.j.t.JMeterThread: Thread finished: User 1-56
2021-04-04 15:18:11,842 INFO o.a.j.t.JMeterThread: Thread is done: User 1-55
2021-04-04 15:18:11,842 INFO o.a.j.t.JMeterThread: Thread finished: User 1-55
2021-04-04 15:18:11,848 INFO o.a.j.t.JMeterThread: Thread is done: User 1-57
2021-04-04 15:18:11,848 INFO o.a.j.t.JMeterThread: Thread finished: User 1-57
2021-04-04 15:18:11,853 INFO o.a.j.t.JMeterThread: Thread is done: User 1-58
2021-04-04 15:18:11,853 INFO o.a.j.t.JMeterThread: Thread finished: User 1-58
2021-04-04 15:18:11,861 INFO o.a.j.t.JMeterThread: Thread is done: User 1-60
2021-04-04 15:18:11,861 INFO o.a.j.t.JMeterThread: Thread finished: User 1-60
2021-04-04 15:18:11,862 INFO o.a.j.t.JMeterThread: Thread is done: User 1-59
2021-04-04 15:18:11,862 INFO o.a.j.t.JMeterThread: Thread finished: User 1-59
2021-04-04 15:18:11,872 INFO o.a.j.t.JMeterThread: Thread is done: User 1-61
2021-04-04 15:18:11,872 INFO o.a.j.t.JMeterThread: Thread finished: User 1-61
2021-04-04 15:18:11,876 INFO o.a.j.t.JMeterThread: Thread is done: User 1-62
2021-04-04 15:18:11,876 INFO o.a.j.t.JMeterThread: Thread finished: User 1-62
2021-04-04 15:18:11,886 INFO o.a.j.t.JMeterThread: Thread is done: User 1-22
2021-04-04 15:18:11,886 INFO o.a.j.t.JMeterThread: Thread finished: User 1-22
2021-04-04 15:18:11,889 INFO o.a.j.t.JMeterThread: Thread is done: User 1-63
2021-04-04 15:18:11,890 INFO o.a.j.t.JMeterThread: Thread finished: User 1-63
2021-04-04 15:18:11,910 INFO o.a.j.t.JMeterThread: Thread is done: User 1-65
2021-04-04 15:18:11,910 INFO o.a.j.t.JMeterThread: Thread is done: User 1-64
2021-04-04 15:18:11,910 INFO o.a.j.t.JMeterThread: Thread finished: User 1-65
2021-04-04 15:18:11,910 INFO o.a.j.t.JMeterThread: Thread finished: User 1-64
2021-04-04 15:18:11,913 INFO o.a.j.t.JMeterThread: Thread is done: User 1-66
2021-04-04 15:18:11,913 INFO o.a.j.t.JMeterThread: Thread finished: User 1-66
2021-04-04 15:18:11,923 INFO o.a.j.t.JMeterThread: Thread is done: User 1-68
2021-04-04 15:18:11,923 INFO o.a.j.t.JMeterThread: Thread finished: User 1-68
2021-04-04 15:18:11,924 INFO o.a.j.t.JMeterThread: Thread is done: User 1-67
2021-04-04 15:18:11,924 INFO o.a.j.t.JMeterThread: Thread finished: User 1-67
2021-04-04 15:18:11,930 INFO o.a.j.t.JMeterThread: Thread is done: User 1-70
2021-04-04 15:18:11,930 INFO o.a.j.t.JMeterThread: Thread finished: User 1-70
2021-04-04 15:18:11,931 INFO o.a.j.t.JMeterThread: Thread is done: User 1-69
2021-04-04 15:18:11,931 INFO o.a.j.t.JMeterThread: Thread finished: User 1-69
2021-04-04 15:18:11,937 INFO o.a.j.t.JMeterThread: Thread is done: User 1-71
2021-04-04 15:18:11,937 INFO o.a.j.t.JMeterThread: Thread finished: User 1-71
2021-04-04 15:18:11,941 INFO o.a.j.t.JMeterThread: Thread is done: User 1-72
2021-04-04 15:18:11,941 INFO o.a.j.t.JMeterThread: Thread finished: User 1-72
2021-04-04 15:18:11,956 INFO o.a.j.t.JMeterThread: Thread is done: User 1-73
2021-04-04 15:18:11,956 INFO o.a.j.t.JMeterThread: Thread finished: User 1-73
2021-04-04 15:18:11,956 INFO o.a.j.t.JMeterThread: Thread is done: User 1-74
2021-04-04 15:18:11,957 INFO o.a.j.t.JMeterThread: Thread finished: User 1-74
2021-04-04 15:18:11,978 INFO o.a.j.t.JMeterThread: Thread is done: User 1-76
2021-04-04 15:18:11,978 INFO o.a.j.t.JMeterThread: Thread finished: User 1-76
2021-04-04 15:18:11,981 INFO o.a.j.t.JMeterThread: Thread is done: User 1-75
2021-04-04 15:18:11,981 INFO o.a.j.t.JMeterThread: Thread finished: User 1-75
2021-04-04 15:18:11,989 INFO o.a.j.t.JMeterThread: Thread is done: User 1-77
2021-04-04 15:18:11,989 INFO o.a.j.t.JMeterThread: Thread finished: User 1-77
2021-04-04 15:18:11,993 INFO o.a.j.t.JMeterThread: Thread is done: User 1-78
2021-04-04 15:18:11,993 INFO o.a.j.t.JMeterThread: Thread finished: User 1-78
2021-04-04 15:18:11,995 INFO o.a.j.t.JMeterThread: Thread is done: User 1-79
2021-04-04 15:18:11,995 INFO o.a.j.t.JMeterThread: Thread finished: User 1-79
2021-04-04 15:18:12,003 INFO o.a.j.t.JMeterThread: Thread is done: User 1-82
2021-04-04 15:18:12,003 INFO o.a.j.t.JMeterThread: Thread finished: User 1-82
2021-04-04 15:18:12,006 INFO o.a.j.t.JMeterThread: Thread is done: User 1-80
2021-04-04 15:18:12,007 INFO o.a.j.t.JMeterThread: Thread finished: User 1-80
2021-04-04 15:18:12,022 INFO o.a.j.t.JMeterThread: Thread is done: User 1-81
2021-04-04 15:18:12,022 INFO o.a.j.t.JMeterThread: Thread finished: User 1-81
2021-04-04 15:18:12,024 INFO o.a.j.t.JMeterThread: Thread is done: User 1-83
2021-04-04 15:18:12,024 INFO o.a.j.t.JMeterThread: Thread finished: User 1-83
2021-04-04 15:18:12,026 INFO o.a.j.t.JMeterThread: Thread is done: User 1-85
2021-04-04 15:18:12,027 INFO o.a.j.t.JMeterThread: Thread finished: User 1-85
2021-04-04 15:18:12,033 INFO o.a.j.t.JMeterThread: Thread is done: User 1-84
2021-04-04 15:18:12,033 INFO o.a.j.t.JMeterThread: Thread finished: User 1-84
2021-04-04 15:18:12,040 INFO o.a.j.t.JMeterThread: Thread is done: User 1-86
2021-04-04 15:18:12,041 INFO o.a.j.t.JMeterThread: Thread finished: User 1-86
2021-04-04 15:18:12,057 INFO o.a.j.t.JMeterThread: Thread is done: User 1-87
2021-04-04 15:18:12,057 INFO o.a.j.t.JMeterThread: Thread finished: User 1-87
2021-04-04 15:18:12,060 INFO o.a.j.t.JMeterThread: Thread is done: User 1-89
2021-04-04 15:18:12,060 INFO o.a.j.t.JMeterThread: Thread finished: User 1-89
2021-04-04 15:18:12,066 INFO o.a.j.t.JMeterThread: Thread is done: User 1-88
2021-04-04 15:18:12,066 INFO o.a.j.t.JMeterThread: Thread finished: User 1-88
2021-04-04 15:18:12,070 INFO o.a.j.t.JMeterThread: Thread is done: User 1-90
2021-04-04 15:18:12,070 INFO o.a.j.t.JMeterThread: Thread finished: User 1-90
2021-04-04 15:18:12,090 INFO o.a.j.t.JMeterThread: Thread is done: User 1-91
2021-04-04 15:18:12,090 INFO o.a.j.t.JMeterThread: Thread finished: User 1-91
2021-04-04 15:18:12,091 INFO o.a.j.t.JMeterThread: Thread is done: User 1-92
2021-04-04 15:18:12,091 INFO o.a.j.t.JMeterThread: Thread finished: User 1-92
2021-04-04 15:18:12,092 INFO o.a.j.t.JMeterThread: Thread is done: User 1-95
2021-04-04 15:18:12,092 INFO o.a.j.t.JMeterThread: Thread finished: User 1-95
2021-04-04 15:18:12,097 INFO o.a.j.t.JMeterThread: Thread is done: User 1-93
2021-04-04 15:18:12,097 INFO o.a.j.t.JMeterThread: Thread finished: User 1-93
2021-04-04 15:18:12,107 INFO o.a.j.t.JMeterThread: Thread is done: User 1-96
2021-04-04 15:18:12,107 INFO o.a.j.t.JMeterThread: Thread finished: User 1-96
2021-04-04 15:18:12,111 INFO o.a.j.t.JMeterThread: Thread is done: User 1-94
2021-04-04 15:18:12,111 INFO o.a.j.t.JMeterThread: Thread finished: User 1-94
2021-04-04 15:18:12,127 INFO o.a.j.t.JMeterThread: Thread is done: User 1-98
2021-04-04 15:18:12,127 INFO o.a.j.t.JMeterThread: Thread finished: User 1-98
2021-04-04 15:18:12,130 INFO o.a.j.t.JMeterThread: Thread is done: User 1-97
2021-04-04 15:18:12,131 INFO o.a.j.t.JMeterThread: Thread finished: User 1-97
2021-04-04 15:18:12,141 INFO o.a.j.t.JMeterThread: Thread is done: User 1-99
2021-04-04 15:18:12,141 INFO o.a.j.t.JMeterThread: Thread is done: User 1-100
2021-04-04 15:18:12,141 INFO o.a.j.t.JMeterThread: Thread finished: User 1-99
2021-04-04 15:18:12,141 INFO o.a.j.t.JMeterThread: Thread finished: User 1-100
2021-04-04 15:18:14,187 INFO o.a.j.t.JMeterThread: Thread is done: User 1-2
2021-04-04 15:18:14,188 INFO o.a.j.t.JMeterThread: Thread finished: User 1-2
2021-04-04 15:18:14,188 INFO o.a.j.e.StandardJMeterEngine: Notifying test listeners of end of test
2021-04-04 15:18:14,188 INFO o.a.j.g.u.JMeterMenuBar: setRunning(false, *local*)
